<?xml version="1.0" encoding="UTF-8"?>
<!-- Generated by org.testng.reporters.JUnitReportReporter -->
<testsuite hostname="DESKTOP-A35KG1N" failures="0" tests="2" name="com.testannotations.TestAnnotations" time="0.038" errors="0" timestamp="2023-08-06T17:34:16 IST" skipped="0">
  <testcase classname="com.testannotations.TestAnnotations" name="Test2" time="0.014"/>
  <testcase classname="com.testannotations.TestAnnotations" name="Test1" time="0.024"/>
</testsuite> <!-- com.testannotations.TestAnnotations -->
